gcc -c -lm -pg -O0 -fopenmp -mavx -std=c99 -g -L/usr/lib64/openmpi/lib -lmpi_cxx -lmpi -I/usr/include/openmpi-x86_64 setup_final.c
gcc setup_final.o flightpath_final.o -lm -pg -O0 -fopenmp -mavx -std=c99 -g -L/usr/lib64/openmpi/lib -lmpi_cxx -lmpi -I/usr/include/openmpi-x86_64 -o flightpath_final
--------------------------------------------------------------------------
[[56861,1],0]: A high-performance Open MPI point-to-point messaging module
was unable to find any relevant network interfaces:

Module: OpenFabrics (openib)
  Host: smp-9-19

Another transport will be used instead, although this may result in
lower performance.
--------------------------------------------------------------------------
[smp-9-19:16763] *** An error occurred in MPI_Recv
[smp-9-19:16763] *** reported by process [3726442497,18446744069414584320]
[smp-9-19:16763] *** on communicator MPI_COMM_WORLD
[smp-9-19:16763] *** MPI_ERR_RANK: invalid rank
[smp-9-19:16763] *** MPI_ERRORS_ARE_FATAL (processes in this communicator will now abort,
[smp-9-19:16763] ***    and potentially your MPI job)
rank 0
size 1

real	0m0.423s
user	0m0.075s
sys	0m0.061s
